# This file was automatically created by FeynRules 2.3.43
# Mathematica version: 12.1.0 for Mac OS X x86 (64-bit) (March 14, 2020)
# Date: Wed 13 March 2024 09:34:13


# 
# This is the logfile for the model Pseudoscalar_2HDM

# Authors: S. Argyropoulos, U. Haisch and I. Kalaitzidou
# Model version: 1.0
# Checking the Quantum numbers
   * Electric charge defined.
# Checking the Lagrangians
   * All Lagrangians are ok.
#
# Particle definitions
#

   * No particles removed. All particles correspond to GenInt setup.

# Automatically assigned PDG numbers
   * Assigned PDG number 9000001 to particle ghA
   * Assigned PDG number 9000002 to particle ghZ
   * Assigned PDG number 9000003 to particle ghWp
   * Assigned PDG number 9000004 to particle ghWm


# Compulsory PDG codes:
   * Class SM leptons complete.
   * Class SM neutrinos complete.
   * Class SM quarks complete.
   * Class SM gauge bosons complete.
#
# Parameter definitions
#

   * All parameters are ok.


# Vertices
   * Calling FeynmanRules for 1 Lagrangians.
   * Number of classes vertices: 229
   * Number of flavored vertices: 378
   * Saved vertices in InterfaceRun[ 1 ].
   * Checked QNumber conservation.
      - Quantum number GhostNumber conserved in all vertices.
      - Quantum number LeptonNumber conserved in all vertices.
      - Quantum number Q conserved in all vertices.
      - Quantum number Y conserved in all vertices.
   * particles.py written.
   * parameters.py written.
#
# Vertex definitions
#

   * 364 vertices written.
   * vertices.py written.
#
# Lorentz structure definitions
#

   * 37 lorentz structures written.
   * lorentz.py written.
#
# Coupling definitions
#

   * 298 couplings written.
   * couplings.py written.
#
# Coupling order definitions
#

   * 0 couplings orders written.
   * coupling_orders.py written.
#
# Decay definitions
#

   * 16 decays written.
   * decay.py not written
#
# CTCoupling definitions
#

   * 366 CTcouplings written.
   * CT_couplings.py written.
#
# CTVertex definitions
#

   * 171 CTvertices written.
   * CT_vertices.py written.
