# This file was automatically created by FeynRules 2.4.68
# Mathematica version: 10.4.1 for Mac OS X x86 (64-bit) (April 11, 2016)
# Date: Thu 6 Jun 2019 21:44:08


# 
# This is the logfile for the model DMsimp_t

# Authors: Benjamin Fuks
# Model version: 1.0
# Checking the Quantum numbers
   * Electric charge defined.
# Checking the Lagrangians
   * All Lagrangians are ok.
#
# Particle definitions
#

   * No particles removed. All particles correspond to GenInt setup.

# Automatically assigned PDG numbers
   * Assigned PDG number 9000001 to particle ghA
   * Assigned PDG number 9000002 to particle ghZ
   * Assigned PDG number 9000003 to particle ghWp
   * Assigned PDG number 9000004 to particle ghWm


# Compulsory PDG codes:
   * Class SM leptons complete.
   * Class SM neutrinos complete.
   * Class SM quarks complete.
   * Class SM gauge bosons complete.
#
# Parameter definitions
#

   * All parameters are ok.


# Vertices
   * Calling FeynmanRules for 1 Lagrangians.
   * Number of classes vertices: 521
   * Number of flavored vertices: 521
   * Saved vertices in InterfaceRun[ 1 ].
   * Checked QNumber conservation.
   * particles.py written.
   * parameters.py written.
#
# Vertex definitions
#

   * 393 vertices written.
   * vertices.py written.
#
# Lorentz structure definitions
#

   * 47 lorentz structures written.
   * lorentz.py written.
#
# Coupling definitions
#

   * 111 couplings written.
   * couplings.py written.
#
# Coupling order definitions
#

   * 0 couplings orders written.
   * coupling_orders.py written.
#
# Decay definitions
#

   * 33 decays written.
   * decay.py not written
#
# CTCoupling definitions
#

   * 1409 CTcouplings written.
   * CT_couplings.py written.
#
# CTVertex definitions
#

   * 855 CTvertices written.
   * CT_vertices.py written.
#
# CTCoupling definitions
#

   * 131 CTparameters written.
   * CT_parameters.py written.
